mode: set
github.com/Duarte64/go-web-meli/cmd/server/main.go:27.13,29.16 2 0
github.com/Duarte64/go-web-meli/cmd/server/main.go:29.16,30.44 1 0
github.com/Duarte64/go-web-meli/cmd/server/main.go:33.2,44.50 8 0
github.com/Duarte64/go-web-meli/cmd/server/main.go:44.50,48.3 1 0
github.com/Duarte64/go-web-meli/cmd/server/main.go:50.2,52.2 3 0
github.com/Duarte64/go-web-meli/cmd/server/main.go:52.2,59.3 6 0
github.com/Duarte64/go-web-meli/cmd/server/main.go:61.2,62.16 2 0
github.com/Duarte64/go-web-meli/cmd/server/main.go:62.16,63.31 1 0
github.com/Duarte64/go-web-meli/cmd/server/handler/users.go:31.37,35.2 1 0
github.com/Duarte64/go-web-meli/cmd/server/handler/users.go:46.41,47.32 1 0
github.com/Duarte64/go-web-meli/cmd/server/handler/users.go:47.32,49.17 2 0
github.com/Duarte64/go-web-meli/cmd/server/handler/users.go:49.17,51.4 1 0
github.com/Duarte64/go-web-meli/cmd/server/handler/users.go:53.3,53.18 1 0
github.com/Duarte64/go-web-meli/cmd/server/handler/users.go:53.18,56.4 2 0
github.com/Duarte64/go-web-meli/cmd/server/handler/users.go:58.3,58.65 1 0
github.com/Duarte64/go-web-meli/cmd/server/handler/users.go:71.42,72.32 1 0
github.com/Duarte64/go-web-meli/cmd/server/handler/users.go:72.32,76.17 3 0
github.com/Duarte64/go-web-meli/cmd/server/handler/users.go:76.17,79.4 2 0
github.com/Duarte64/go-web-meli/cmd/server/handler/users.go:81.3,82.17 2 0
github.com/Duarte64/go-web-meli/cmd/server/handler/users.go:82.17,84.36 2 0
github.com/Duarte64/go-web-meli/cmd/server/handler/users.go:84.36,87.5 2 0
github.com/Duarte64/go-web-meli/cmd/server/handler/users.go:88.4,89.10 2 0
github.com/Duarte64/go-web-meli/cmd/server/handler/users.go:92.3,92.65 1 0
github.com/Duarte64/go-web-meli/cmd/server/handler/users.go:106.40,107.32 1 0
github.com/Duarte64/go-web-meli/cmd/server/handler/users.go:107.32,109.54 2 0
github.com/Duarte64/go-web-meli/cmd/server/handler/users.go:109.54,112.4 2 0
github.com/Duarte64/go-web-meli/cmd/server/handler/users.go:114.3,115.17 2 0
github.com/Duarte64/go-web-meli/cmd/server/handler/users.go:115.17,118.4 2 0
github.com/Duarte64/go-web-meli/cmd/server/handler/users.go:120.3,120.78 1 0
github.com/Duarte64/go-web-meli/cmd/server/handler/users.go:134.41,135.32 1 0
github.com/Duarte64/go-web-meli/cmd/server/handler/users.go:135.32,137.54 2 0
github.com/Duarte64/go-web-meli/cmd/server/handler/users.go:137.54,140.4 2 0
github.com/Duarte64/go-web-meli/cmd/server/handler/users.go:142.3,143.17 2 0
github.com/Duarte64/go-web-meli/cmd/server/handler/users.go:143.17,146.4 2 0
github.com/Duarte64/go-web-meli/cmd/server/handler/users.go:148.3,149.17 2 0
github.com/Duarte64/go-web-meli/cmd/server/handler/users.go:149.17,152.4 2 0
github.com/Duarte64/go-web-meli/cmd/server/handler/users.go:154.3,154.78 1 0
github.com/Duarte64/go-web-meli/cmd/server/handler/users.go:168.40,169.32 1 0
github.com/Duarte64/go-web-meli/cmd/server/handler/users.go:169.32,171.59 2 0
github.com/Duarte64/go-web-meli/cmd/server/handler/users.go:171.59,174.4 2 0
github.com/Duarte64/go-web-meli/cmd/server/handler/users.go:176.3,177.17 2 0
github.com/Duarte64/go-web-meli/cmd/server/handler/users.go:177.17,180.4 2 0
github.com/Duarte64/go-web-meli/cmd/server/handler/users.go:182.3,183.17 2 0
github.com/Duarte64/go-web-meli/cmd/server/handler/users.go:183.17,186.4 2 0
github.com/Duarte64/go-web-meli/cmd/server/handler/users.go:188.3,188.68 1 0
github.com/Duarte64/go-web-meli/cmd/server/handler/users.go:201.41,202.32 1 0
github.com/Duarte64/go-web-meli/cmd/server/handler/users.go:202.32,204.17 2 0
github.com/Duarte64/go-web-meli/cmd/server/handler/users.go:204.17,207.4 2 0
github.com/Duarte64/go-web-meli/cmd/server/handler/users.go:208.3,208.52 1 0
github.com/Duarte64/go-web-meli/cmd/server/handler/users.go:208.52,210.36 2 0
github.com/Duarte64/go-web-meli/cmd/server/handler/users.go:210.36,213.5 2 0
github.com/Duarte64/go-web-meli/cmd/server/handler/users.go:214.4,215.10 2 0
github.com/Duarte64/go-web-meli/cmd/server/handler/users.go:218.3,218.35 1 0
github.com/Duarte64/go-web-meli/pkg/web/response.go:11.67,12.16 1 0
github.com/Duarte64/go-web-meli/pkg/web/response.go:12.16,14.3 1 0
github.com/Duarte64/go-web-meli/pkg/web/response.go:15.2,15.63 1 0
github.com/Duarte64/go-web-meli/cmd/server/middleware/guards/token.go:10.44,11.30 1 0
github.com/Duarte64/go-web-meli/cmd/server/middleware/guards/token.go:11.30,13.34 2 0
github.com/Duarte64/go-web-meli/cmd/server/middleware/guards/token.go:13.34,17.4 3 0
github.com/Duarte64/go-web-meli/cmd/server/middleware/guards/token.go:18.3,18.11 1 0
github.com/Duarte64/go-web-meli/docs/docs.go:399.13,401.2 1 0
github.com/Duarte64/go-web-meli/tests/mocks/user_mock.go:12.47,14.2 1 0
github.com/Duarte64/go-web-meli/tests/mocks/user_mock.go:16.67,20.2 2 0
github.com/Duarte64/go-web-meli/tests/mocks/user_mock.go:22.61,24.2 1 0
github.com/Duarte64/go-web-meli/tests/mocks/user_mock.go:26.52,30.2 2 0
github.com/Duarte64/go-web-meli/tests/mocks/user_mock.go:32.144,34.2 1 0
github.com/Duarte64/go-web-meli/tests/mocks/user_mock.go:36.134,40.2 2 0
github.com/Duarte64/go-web-meli/tests/mocks/user_mock.go:42.91,46.2 1 0
github.com/Duarte64/go-web-meli/tests/mocks/user_mock.go:48.53,50.2 1 0
github.com/Duarte64/go-web-meli/internal/users/repository.go:13.40,15.2 1 0
github.com/Duarte64/go-web-meli/internal/users/repository.go:27.47,31.2 1 0
github.com/Duarte64/go-web-meli/internal/users/repository.go:33.45,35.39 2 0
github.com/Duarte64/go-web-meli/internal/users/repository.go:35.39,37.3 1 0
github.com/Duarte64/go-web-meli/internal/users/repository.go:38.2,38.18 1 0
github.com/Duarte64/go-web-meli/internal/users/repository.go:38.18,40.3 1 0
github.com/Duarte64/go-web-meli/internal/users/repository.go:42.2,43.26 2 0
github.com/Duarte64/go-web-meli/internal/users/repository.go:43.26,44.24 1 0
github.com/Duarte64/go-web-meli/internal/users/repository.go:44.24,46.4 1 0
github.com/Duarte64/go-web-meli/internal/users/repository.go:48.2,48.21 1 0
github.com/Duarte64/go-web-meli/internal/users/repository.go:51.130,53.39 2 0
github.com/Duarte64/go-web-meli/internal/users/repository.go:53.39,55.3 1 0
github.com/Duarte64/go-web-meli/internal/users/repository.go:56.2,58.39 3 0
github.com/Duarte64/go-web-meli/internal/users/repository.go:58.39,60.3 1 0
github.com/Duarte64/go-web-meli/internal/users/repository.go:61.2,61.15 1 0
github.com/Duarte64/go-web-meli/internal/users/repository.go:64.120,66.39 2 0
github.com/Duarte64/go-web-meli/internal/users/repository.go:66.39,68.3 1 0
github.com/Duarte64/go-web-meli/internal/users/repository.go:69.2,70.30 2 0
github.com/Duarte64/go-web-meli/internal/users/repository.go:70.30,71.20 1 0
github.com/Duarte64/go-web-meli/internal/users/repository.go:71.20,75.41 4 0
github.com/Duarte64/go-web-meli/internal/users/repository.go:75.41,77.5 1 0
github.com/Duarte64/go-web-meli/internal/users/repository.go:77.10,79.5 1 0
github.com/Duarte64/go-web-meli/internal/users/repository.go:82.2,82.33 1 0
github.com/Duarte64/go-web-meli/internal/users/repository.go:85.44,87.39 2 0
github.com/Duarte64/go-web-meli/internal/users/repository.go:87.39,89.3 1 0
github.com/Duarte64/go-web-meli/internal/users/repository.go:90.2,90.30 1 0
github.com/Duarte64/go-web-meli/internal/users/repository.go:90.30,91.20 1 0
github.com/Duarte64/go-web-meli/internal/users/repository.go:91.20,93.41 2 0
github.com/Duarte64/go-web-meli/internal/users/repository.go:93.41,95.5 1 0
github.com/Duarte64/go-web-meli/internal/users/repository.go:95.10,97.5 1 0
github.com/Duarte64/go-web-meli/internal/users/repository.go:100.2,100.25 1 0
github.com/Duarte64/go-web-meli/internal/users/repository.go:103.47,105.39 2 0
github.com/Duarte64/go-web-meli/internal/users/repository.go:105.39,107.3 1 0
github.com/Duarte64/go-web-meli/internal/users/repository.go:108.2,108.16 1 0
github.com/Duarte64/go-web-meli/internal/users/repository.go:111.53,113.39 2 0
github.com/Duarte64/go-web-meli/internal/users/repository.go:113.39,115.3 1 0
github.com/Duarte64/go-web-meli/internal/users/repository.go:116.2,116.26 1 0
github.com/Duarte64/go-web-meli/internal/users/repository.go:116.26,117.20 1 0
github.com/Duarte64/go-web-meli/internal/users/repository.go:117.20,119.4 1 0
github.com/Duarte64/go-web-meli/internal/users/repository.go:122.2,122.33 1 0
github.com/Duarte64/go-web-meli/internal/users/repository.go:125.77,127.39 2 0
github.com/Duarte64/go-web-meli/internal/users/repository.go:127.39,129.3 1 0
github.com/Duarte64/go-web-meli/internal/users/repository.go:130.2,130.30 1 0
github.com/Duarte64/go-web-meli/internal/users/repository.go:130.30,131.20 1 0
github.com/Duarte64/go-web-meli/internal/users/repository.go:131.20,132.22 1 0
github.com/Duarte64/go-web-meli/internal/users/repository.go:132.22,134.5 1 0
github.com/Duarte64/go-web-meli/internal/users/repository.go:135.4,135.16 1 0
github.com/Duarte64/go-web-meli/internal/users/repository.go:135.16,137.5 1 0
github.com/Duarte64/go-web-meli/internal/users/repository.go:138.4,139.41 2 0
github.com/Duarte64/go-web-meli/internal/users/repository.go:139.41,141.5 1 0
github.com/Duarte64/go-web-meli/internal/users/repository.go:141.10,143.5 1 0
github.com/Duarte64/go-web-meli/internal/users/repository.go:146.2,146.33 1 0
github.com/Duarte64/go-web-meli/internal/users/service.go:18.44,20.16 2 0
github.com/Duarte64/go-web-meli/internal/users/service.go:20.16,22.3 1 0
github.com/Duarte64/go-web-meli/internal/users/service.go:24.2,24.16 1 0
github.com/Duarte64/go-web-meli/internal/users/service.go:27.50,29.16 2 0
github.com/Duarte64/go-web-meli/internal/users/service.go:29.16,31.3 1 0
github.com/Duarte64/go-web-meli/internal/users/service.go:33.2,33.16 1 0
github.com/Duarte64/go-web-meli/internal/users/service.go:36.107,39.16 3 0
github.com/Duarte64/go-web-meli/internal/users/service.go:39.16,41.3 1 0
github.com/Duarte64/go-web-meli/internal/users/service.go:43.2,46.16 3 0
github.com/Duarte64/go-web-meli/internal/users/service.go:46.16,48.3 1 0
github.com/Duarte64/go-web-meli/internal/users/service.go:49.2,49.15 1 0
github.com/Duarte64/go-web-meli/internal/users/service.go:52.117,54.2 1 0
github.com/Duarte64/go-web-meli/internal/users/service.go:56.74,58.2 1 0
github.com/Duarte64/go-web-meli/internal/users/service.go:60.41,61.48 1 0
github.com/Duarte64/go-web-meli/internal/users/service.go:61.48,63.3 1 0
github.com/Duarte64/go-web-meli/internal/users/service.go:65.2,65.12 1 0
github.com/Duarte64/go-web-meli/internal/users/service.go:68.39,72.2 1 0
github.com/Duarte64/go-web-meli/pkg/store/file.go:19.45,20.15 1 0
github.com/Duarte64/go-web-meli/pkg/store/file.go:21.16,22.30 1 0
github.com/Duarte64/go-web-meli/pkg/store/file.go:24.2,24.12 1 0
github.com/Duarte64/go-web-meli/pkg/store/file.go:31.52,33.16 2 0
github.com/Duarte64/go-web-meli/pkg/store/file.go:33.16,35.3 1 0
github.com/Duarte64/go-web-meli/pkg/store/file.go:36.2,36.50 1 0
github.com/Duarte64/go-web-meli/pkg/store/file.go:39.51,41.16 2 0
github.com/Duarte64/go-web-meli/pkg/store/file.go:41.16,43.3 1 0
github.com/Duarte64/go-web-meli/pkg/store/file.go:44.2,44.36 1 0
github.com/Duarte64/go-web-meli/pkg/store/file.go:19.45,20.15 1 0
github.com/Duarte64/go-web-meli/pkg/store/file.go:21.16,22.30 1 0
github.com/Duarte64/go-web-meli/pkg/store/file.go:24.2,24.12 1 0
github.com/Duarte64/go-web-meli/pkg/store/file.go:31.52,33.16 2 0
github.com/Duarte64/go-web-meli/pkg/store/file.go:33.16,35.3 1 0
github.com/Duarte64/go-web-meli/pkg/store/file.go:36.2,36.50 1 0
github.com/Duarte64/go-web-meli/pkg/store/file.go:39.51,41.16 2 0
github.com/Duarte64/go-web-meli/pkg/store/file.go:41.16,43.3 1 0
github.com/Duarte64/go-web-meli/pkg/store/file.go:44.2,44.36 1 0
github.com/Duarte64/go-web-meli/pkg/store/file.go:19.45,20.15 1 0
github.com/Duarte64/go-web-meli/pkg/store/file.go:21.16,22.30 1 0
github.com/Duarte64/go-web-meli/pkg/store/file.go:24.2,24.12 1 0
github.com/Duarte64/go-web-meli/pkg/store/file.go:31.52,33.16 2 0
github.com/Duarte64/go-web-meli/pkg/store/file.go:33.16,35.3 1 0
github.com/Duarte64/go-web-meli/pkg/store/file.go:36.2,36.50 1 0
github.com/Duarte64/go-web-meli/pkg/store/file.go:39.51,41.16 2 0
github.com/Duarte64/go-web-meli/pkg/store/file.go:41.16,43.3 1 0
github.com/Duarte64/go-web-meli/pkg/store/file.go:44.2,44.36 1 0
github.com/Duarte64/go-web-meli/tests/mocks/user_mock.go:12.47,14.2 1 0
github.com/Duarte64/go-web-meli/tests/mocks/user_mock.go:16.67,20.2 2 0
github.com/Duarte64/go-web-meli/tests/mocks/user_mock.go:22.61,24.2 1 0
github.com/Duarte64/go-web-meli/tests/mocks/user_mock.go:26.52,30.2 2 1
github.com/Duarte64/go-web-meli/tests/mocks/user_mock.go:32.144,34.2 1 0
github.com/Duarte64/go-web-meli/tests/mocks/user_mock.go:36.134,40.2 2 1
github.com/Duarte64/go-web-meli/tests/mocks/user_mock.go:42.91,46.2 1 0
github.com/Duarte64/go-web-meli/tests/mocks/user_mock.go:48.53,50.2 1 0
